This is pdfeTeX, Version 3.141592-1.21a-2.2 (Web2C 7.5.4) (format=latex 2006.3.27)  28 APR 2006 22:04
entering extended mode
**./images.tex
(./images.tex
LaTeX2e <2003/12/01>
Babel <v3.8d> and hyphenation patterns for american, french, german, ngerman, b
ahasa, basque, bulgarian, catalan, croatian, czech, danish, dutch, esperanto, e
stonian, finnish, greek, icelandic, irish, italian, latin, magyar, norsk, polis
h, portuges, romanian, russian, serbian, slovak, slovene, spanish, swedish, tur
kish, ukrainian, nohyphenation, loaded.

(/usr/share/texmf-tetex/tex/latex/base/report.cls
Document Class: report 2004/02/16 v1.4f Standard LaTeX document class
(/usr/share/texmf-tetex/tex/latex/base/size12.clo
File: size12.clo 2004/02/16 v1.4f Standard LaTeX file (size option)
)
\c@part=\count79
\c@chapter=\count80
\c@section=\count81
\c@subsection=\count82
\c@subsubsection=\count83
\c@paragraph=\count84
\c@subparagraph=\count85
\c@figure=\count86
\c@table=\count87
\abovecaptionskip=\skip41
\belowcaptionskip=\skip42
\bibindent=\dimen102
) (/usr/share/texmf-tetex/tex/latex/base/ifthen.sty
Package: ifthen 2001/05/26 v1.1c Standard LaTeX ifthen package (DPC)
) (/usr/share/texmf-tetex/tex/generic/german/german.sty v2.5e 1998-07-08
Package: german 1998/07/08 v2.5e Support for writing german texts (br)
\grmnU@D=\dimen103
) (/usr/share/texmf-tetex/tex/latex/graphics/graphicx.sty
Package: graphicx 1999/02/16 v1.0f Enhanced LaTeX Graphics (DPC,SPQR)
(/usr/share/texmf-tetex/tex/latex/graphics/keyval.sty
Package: keyval 1999/03/16 v1.13 key=value parser (DPC)
\KV@toks@=\toks14
) (/usr/share/texmf-tetex/tex/latex/graphics/graphics.sty
Package: graphics 2001/07/07 v1.0n Standard LaTeX Graphics (DPC,SPQR)
(/usr/share/texmf-tetex/tex/latex/graphics/trig.sty
Package: trig 1999/03/16 v1.09 sin cos tan (DPC)
) (/usr/share/texmf-tetex/tex/latex/graphics/graphics.cfg
File: graphics.cfg 2005/02/03 v1.3 graphics configuration of teTeX/TeXLive
)
Package graphics Info: Driver file: dvips.def on input line 80.
(/usr/share/texmf-tetex/tex/latex/graphics/dvips.def
File: dvips.def 1999/02/16 v3.0i Driver-dependant file (DPC,SPQR)
))
\Gin@req@height=\dimen104
\Gin@req@width=\dimen105
) (/usr/share/texmf-tetex/tex/latex/base/makeidx.sty
Package: makeidx 2000/03/29 v1.0m Standard LaTeX package
) (/usr/share/texmf-tetex/tex/latex/base/showidx.sty
Package: showidx 2000/03/29 v1.0m Standard LaTeX package
\indexbox=\insert233
) (/usr/share/texmf-tetex/tex/latex/index/index.sty
Package: index 2004/01/20 v4.2beta Improved index support (dmj)
\@indexbox=\insert232
\indexproofstyle=\toks15
)
\idxtitle@default=\toks16
\tf@default=\write3
\openout3 = `images.idx'.

Package index Info: Writing index file images.idx on input line 9.
(/usr/share/texmf-tetex/tex/latex/graphics/epsfig.sty
Package: epsfig 1999/02/16 v1.7a (e)psfig emulation (SPQR)
\epsfxsize=\dimen106
\epsfysize=\dimen107
) (/usr/share/texmf-tetex/tex/latex/tools/varioref.sty
Package: varioref 2004/02/27 v1.4i package for extended references (FMi)
\c@vrcnt=\count88
) (/usr/share/texmf-tetex/tex/latex/base/inputenc.sty
Package: inputenc 2004/02/05 v1.0d Input encoding file
(/usr/share/texmf-tetex/tex/latex/base/latin1.def
File: latin1.def 2004/02/05 v1.0d Input encoding file
)) (/usr/share/texmf-tetex/tex/latex/graphics/color.sty
Package: color 1999/02/16 v1.0i Standard LaTeX Color (DPC)
(/usr/share/texmf-tetex/tex/latex/graphics/color.cfg
File: color.cfg 2005/02/03 v1.3 color configuration of teTeX/TeXLive
)
Package color Info: Driver file: dvips.def on input line 125.
(/usr/share/texmf-tetex/tex/latex/graphics/dvipsnam.def
File: dvipsnam.def 1999/02/16 v3.0i Driver-dependant file (DPC,SPQR)
))
\sizebox=\box26
\lthtmlwrite=\write4
(./images.aux (/home/jan/uni/oss/svn/teamfound/docs/ch_einfuehrung.aux) (/home/
jan/uni/oss/svn/teamfound/docs/ch_implementation.aux

LaTeX Warning: Label `webclient' multiply defined.


LaTeX Warning: Label `fftoolbar' multiply defined.

) (/home/jan/uni/oss/svn/teamfound/docs/ch_ablauf.aux) (/home/jan/uni/oss/svn/t
eamfound/docs/ch_fazit.aux) (/home/jan/uni/oss/svn/teamfound/docs/ch_anhang.aux

LaTeX Warning: Label `' multiply defined.


LaTeX Warning: Label `' multiply defined.


LaTeX Warning: Label `' multiply defined.


LaTeX Warning: Label `' multiply defined.


LaTeX Warning: Label `' multiply defined.


LaTeX Warning: Label `' multiply defined.


LaTeX Warning: Label `' multiply defined.


LaTeX Warning: Label `' multiply defined.


LaTeX Warning: Label `' multiply defined.


LaTeX Warning: Label `' multiply defined.


LaTeX Warning: Label `' multiply defined.


LaTeX Warning: Label `' multiply defined.

))
\openout1 = `images.aux'.

LaTeX Font Info:    Checking defaults for OML/cmm/m/it on input line 124.
LaTeX Font Info:    ... okay on input line 124.
LaTeX Font Info:    Checking defaults for T1/cmr/m/n on input line 124.
LaTeX Font Info:    ... okay on input line 124.
LaTeX Font Info:    Checking defaults for OT1/cmr/m/n on input line 124.
LaTeX Font Info:    ... okay on input line 124.
LaTeX Font Info:    Checking defaults for OMS/cmsy/m/n on input line 124.
LaTeX Font Info:    ... okay on input line 124.
LaTeX Font Info:    Checking defaults for OMX/cmex/m/n on input line 124.
LaTeX Font Info:    ... okay on input line 124.
LaTeX Font Info:    Checking defaults for U/cmr/m/n on input line 124.
LaTeX Font Info:    ... okay on input line 124.

latex2htmlLength hsize=349.0pt

latex2htmlLength vsize=679.0pt

latex2htmlLength hoffset=0.0pt

latex2htmlLength voffset=0.0pt

latex2htmlLength topmargin=0.0pt

latex2htmlLength topskip=0.00003pt

latex2htmlLength headheight=0.0pt

latex2htmlLength headsep=0.0pt

latex2htmlLength parskip=0.0pt plus 1.0pt

latex2htmlLength oddsidemargin=31.0pt

latex2htmlLength evensidemargin=31.0pt

LaTeX Font Info:    Try loading font information for OMS+cmr on input line 151.

(/usr/share/texmf-tetex/tex/latex/base/omscmr.fd
File: omscmr.fd 1999/05/25 v2.5h Standard LaTeX font definitions
)
LaTeX Font Info:    Font shape `OMS/cmr/bx/n' in size <12> not available
(Font)              Font shape `OMS/cmsy/b/n' tried instead on input line 151.
l2hSize :parbox19:585.19684pt::0.0pt::349.0pt.
[1



]
File: logo_teamfound.eps Graphic file (type eps)
<logo_teamfound.eps>
Overfull \hbox (121.75876pt too wide) in paragraph at lines 168--169
[][] 
 []

l2hSize :figure48:122.4575pt::0.0pt::349.0pt.
[2


]
File: architecture1.eps Graphic file (type eps)
<architecture1.eps>
l2hSize :figure58:328.22626pt::0.0pt::349.0pt.
[3


]
LaTeX Font Info:    External font `cmex10' loaded for size
(Font)              <12> on input line 195.
LaTeX Font Info:    External font `cmex10' loaded for size
(Font)              <8> on input line 195.
LaTeX Font Info:    External font `cmex10' loaded for size
(Font)              <6> on input line 195.
l2hSize :tex2html_wrap_inline690:8.83331pt::8.83331pt::49.56134pt.
[4


]
l2hSize :tex2html_wrap_inline692:8.33331pt::0.0pt::36.20807pt.
[5


]
l2hSize :tex2html_wrap_inline694:8.83331pt::8.83331pt::67.4106pt.
[6


]
File: bilder/aufbau2.eps Graphic file (type eps)
<bilder/aufbau2.eps>
Overfull \hbox (106.24408pt too wide) detected at line 222
 [] 
 []

l2hSize :tex2html_wrap5266:191.17143pt::0.0pt::349.0pt.
[7


]
File: bilder/db.eps Graphic file (type eps)
<bilder/db.eps>
Overfull \hbox (106.24408pt too wide) detected at line 234
 [] 
 []

l2hSize :tex2html_wrap5287:272.98631pt::0.0pt::349.0pt.
[8


]
l2hSize :tex2html_wrap_inline696:8.25pt::8.25pt::44.98772pt.
[9


]
l2hSize :tex2html_wrap_inline698:8.36708pt::8.36708pt::84.37144pt.
[10


]
l2hSize :tex2html_wrap_inline700:8.33331pt::0.0pt::57.46211pt.
[11


]
l2hSize :tex2html_wrap_inline704:8.83331pt::8.83331pt::49.10303pt.
[12


]
File: bilder/katstruktur.eps Graphic file (type eps)
<bilder/katstruktur.eps>
Overfull \hbox (106.24408pt too wide) detected at line 266
 [] 
 []

l2hSize :tex2html_wrap5299:312.6787pt::0.0pt::349.0pt.
[13


]
File: bilder/ablaufaddpage1.eps Graphic file (type eps)
<bilder/ablaufaddpage1.eps>
Overfull \hbox (106.24408pt too wide) detected at line 274
 [] 
 []

l2hSize :tex2html_wrap5305:399.35387pt::0.0pt::349.0pt.
[14


]
l2hSize :tex2html_wrap_inline708:8.2pt::0.0pt::19.54457pt.
[15


]
File: bilder/search.eps Graphic file (type eps)
<bilder/search.eps>
Overfull \hbox (49.33858pt too wide) detected at line 287
 [] 
 []

l2hSize :tex2html_wrap5311:292.02324pt::0.0pt::349.0pt.
[16


]
l2hSize :tex2html_wrap_inline710:8.7pt::8.7pt::71.9943pt.
[17


]
l2hSize :tex2html_wrap_inline712:8.7pt::8.7pt::33.80788pt.
[18


]
l2hSize :tex2html_wrap_inline716:8.7pt::8.7pt::50.15027pt.
[19


]
File: bilder/getcat.eps Graphic file (type eps)
<bilder/getcat.eps>
Overfull \hbox (49.33858pt too wide) detected at line 312
 [] 
 []

l2hSize :tex2html_wrap5320:328.88054pt::0.0pt::349.0pt.
[20


]
l2hSize :tex2html_wrap_inline718:8.25pt::8.25pt::9.72632pt.
[21


]
l2hSize :tex2html_wrap_inline720:8.25pt::8.25pt::9.72632pt.
[22


]
File: webclient.eps Graphic file (type eps)
<webclient.eps>
l2hSize :figure506:25.09375pt::0.0pt::349.0pt.
[23


]
File: ffextension-kategorien.eps Graphic file (type eps)
<ffextension-kategorien.eps>
Overfull \hbox (113.72876pt too wide) in paragraph at lines 351--352
[][] 
 []

l2hSize :figure537:258.9675pt::0.0pt::349.0pt.
[24


]
File: ffextension-settings.eps Graphic file (type eps)
<ffextension-settings.eps>
Overfull \hbox (19.37625pt too wide) in paragraph at lines 361--362
[][] 
 []

l2hSize :figure555:304.13625pt::0.0pt::349.0pt.
[25


]
File: screenshot-search-server-0.1-firefox-toolbar-0.4.eps Graphic file (type e
ps)
<screenshot-search-server-0.1-firefox-toolbar-0.4.eps>
Overfull \hbox (113.72876pt too wide) in paragraph at lines 369--370
[][] 
 []

l2hSize :figure560:326.21875pt::0.0pt::349.0pt.
[26


]
File: bilder/ietoolbar.eps Graphic file (type eps)
<bilder/ietoolbar.eps>
l2hSize :figure674:183.12395pt::0.0pt::349.0pt.
[27


] (./images.aux)

LaTeX Warning: There were multiply-defined labels.

 ) 
Here is how much of TeX's memory you used:
 1403 strings out of 94501
 18210 string characters out of 1175811
 68795 words of memory out of 1000000
 4557 multiletter control sequences out of 10000+50000
 6938 words of font info for 25 fonts, out of 500000 for 2000
 580 hyphenation exceptions out of 8191
 25i,6n,19p,236b,332s stack positions out of 1500i,500n,5000p,200000b,5000s

Output written on images.dvi (27 pages, 7236 bytes).
